<?xml version="1.0" encoding="UTF-8"?>
<!-- Generated by org.testng.reporters.JUnitXMLReporter -->
<testsuite hostname="LAPTOP-JEI8AS0O" ignored="0" name="Test 1" tests="5" failures="2" timestamp="2023-02-05T16:13:33 EST" time="78.822" errors="0">
  <testcase name="loginSuccessful_001" time="17.039" classname="testcases.LoginTest"/>
  <testcase name="loginUnSuccessful_002" time="31.88" classname="testcases.LoginTest">
    <failure type="java.lang.AssertionError" message="expected [true] but found [false]">
      <![CDATA[java.lang.AssertionError: expected [true] but found [false]
at testcases.LoginTest.loginUnSuccessful_002(LoginTest.java:43)
at java.util.ArrayList.forEach(ArrayList.java:1259)
... Removed 31 stack frames]]>
    </failure>
  </testcase> <!-- loginUnSuccessful_002 -->
  <testcase name="getDashboardQuickLaunchItemsCount_006" time="0.397" classname="testcases.DashboardTest"/>
  <testcase name="getDashboardQuickLaunchItems_004" time="0.31" classname="testcases.DashboardTest">
    <failure type="java.lang.AssertionError" message="The following asserts failed:
	expected [recruitment] but found [Recruitment],
	expected [maintenance] but found [Maintenance]">
      <![CDATA[java.lang.AssertionError: The following asserts failed:
expected [recruitment] but found [Recruitment],
expected [maintenance] but found [Maintenance]
at testcases.DashboardTest.getDashboardQuickLaunchItems_004(DashboardTest.java:56)
at java.util.ArrayList.forEach(ArrayList.java:1259)
... Removed 29 stack frames]]>
    </failure>
  </testcase> <!-- getDashboardQuickLaunchItems_004 -->
  <testcase name="getNamesTable_005" time="2.716" classname="testcases.TimeTest"/>
</testsuite> <!-- Test 1 -->
