<?xml version="1.0" encoding="UTF-8"?>
<!-- Generated by org.testng.reporters.JUnitXMLReporter -->
<testsuite hostname="LAPTOP-JEI8AS0O" ignored="0" name="Test 1" tests="5" failures="5" timestamp="2023-02-05T16:29:17 EST" time="14.225" errors="0">
  <testcase name="loginSuccessful_001" time="0.0" classname="testcases.LoginTest">
    <failure type="org.testng.TestNGException" message="
Cannot inject @Test annotated Method [loginSuccessful_001] with [interface org.testng.ITestResult].
For more information on native dependency injection please refer to https://testng.org/doc/documentation-main.html#native-dependency-injection">
      <![CDATA[org.testng.TestNGException: 
For more information on native dependency injection please refer to https://testng.org/doc/documentation-main.html#native-dependency-injection
at java.util.ArrayList.forEach(ArrayList.java:1259)
... Removed 31 stack frames]]>
    </failure>
  </testcase> <!-- loginSuccessful_001 -->
  <testcase name="loginUnSuccessful_002" time="0.0" classname="testcases.LoginTest">
    <failure type="org.testng.TestNGException" message="
Cannot inject @Test annotated Method [loginUnSuccessful_002] with [interface org.testng.ITestResult].
For more information on native dependency injection please refer to https://testng.org/doc/documentation-main.html#native-dependency-injection">
      <![CDATA[org.testng.TestNGException: 
For more information on native dependency injection please refer to https://testng.org/doc/documentation-main.html#native-dependency-injection
at java.util.ArrayList.forEach(ArrayList.java:1259)
... Removed 31 stack frames]]>
    </failure>
  </testcase> <!-- loginUnSuccessful_002 -->
  <testcase name="getDashboardQuickLaunchItemsCount_006" time="0.0" classname="testcases.DashboardTest">
    <failure type="org.testng.TestNGException" message="
Cannot inject @Test annotated Method [getDashboardQuickLaunchItemsCount_006] with [interface org.testng.ITestResult].
For more information on native dependency injection please refer to https://testng.org/doc/documentation-main.html#native-dependency-injection">
      <![CDATA[org.testng.TestNGException: 
For more information on native dependency injection please refer to https://testng.org/doc/documentation-main.html#native-dependency-injection
at java.util.ArrayList.forEach(ArrayList.java:1259)
... Removed 31 stack frames]]>
    </failure>
  </testcase> <!-- getDashboardQuickLaunchItemsCount_006 -->
  <testcase name="getDashboardQuickLaunchItems_004" time="0.0" classname="testcases.DashboardTest">
    <failure type="org.testng.TestNGException" message="
Cannot inject @Test annotated Method [getDashboardQuickLaunchItems_004] with [interface org.testng.ITestResult].
For more information on native dependency injection please refer to https://testng.org/doc/documentation-main.html#native-dependency-injection">
      <![CDATA[org.testng.TestNGException: 
For more information on native dependency injection please refer to https://testng.org/doc/documentation-main.html#native-dependency-injection
at java.util.ArrayList.forEach(ArrayList.java:1259)
... Removed 31 stack frames]]>
    </failure>
  </testcase> <!-- getDashboardQuickLaunchItems_004 -->
  <testcase name="getNamesTable_005" time="0.0" classname="testcases.TimeTest">
    <failure type="org.testng.TestNGException" message="
Cannot inject @Test annotated Method [getNamesTable_005] with [interface org.testng.ITestResult].
For more information on native dependency injection please refer to https://testng.org/doc/documentation-main.html#native-dependency-injection">
      <![CDATA[org.testng.TestNGException: 
For more information on native dependency injection please refer to https://testng.org/doc/documentation-main.html#native-dependency-injection
at java.util.ArrayList.forEach(ArrayList.java:1259)
... Removed 31 stack frames]]>
    </failure>
  </testcase> <!-- getNamesTable_005 -->
</testsuite> <!-- Test 1 -->
